<?xml version="1.0" encoding="UTF-8"?>
<!-- Generated by org.testng.reporters.JUnitReportReporter -->
<testsuite hostname="DESKTOP-5EVK54D" failures="0" tests="3" name="uiappfeature.AmazonTestRunner" time="46.054" errors="0" timestamp="2024-12-18T20:38:33 IST" skipped="0">
  <testcase classname="uiappfeature.AmazonTestRunner" name="runScenario" time="24.767"/>
  <system-out/>
  <testcase classname="uiappfeature.AmazonTestRunner" name="runScenario" time="9.341"/>
  <system-out/>
  <testcase classname="uiappfeature.AmazonTestRunner" name="runScenario" time="11.946"/>
  <system-out/>
</testsuite> <!-- uiappfeature.AmazonTestRunner -->
