<?xml version="1.0" encoding="UTF-8"?>
<!-- Generated by org.testng.reporters.JUnitReportReporter -->
<testsuite hostname="DESKTOP-5EVK54D" failures="0" tests="3" name="runner.ProfileRunner" time="0.563" errors="0" timestamp="2024-12-05T21:00:00 IST" skipped="0">
  <testcase classname="runner.ProfileRunner" name="runScenario" time="0.135"/>
  <system-out/>
  <testcase classname="runner.ProfileRunner" name="runScenario" time="0.054"/>
  <system-out/>
  <testcase classname="runner.ProfileRunner" name="runScenario" time="0.374"/>
  <system-out/>
</testsuite> <!-- runner.ProfileRunner -->
