<?xml version="1.0" encoding="UTF-8"?>
<!-- Generated by org.testng.reporters.JUnitReportReporter -->
<testsuite hostname="DESKTOP-5EVK54D" failures="0" tests="2" name="uiappfeature.AmazonTestRunner" time="38.871" errors="0" timestamp="2024-12-21T19:43:45 IST" skipped="0">
  <testcase classname="uiappfeature.AmazonTestRunner" name="runScenario" time="24.367"/>
  <system-out/>
  <testcase classname="uiappfeature.AmazonTestRunner" name="runScenario" time="14.504"/>
  <system-out/>
</testsuite> <!-- uiappfeature.AmazonTestRunner -->
