<?xml version="1.0" encoding="UTF-8"?>
<!-- Generated by org.testng.reporters.JUnitReportReporter -->
<testsuite hostname="DESKTOP-5EVK54D" failures="0" tests="1" name="runner.PlaceOrderConfirmation" time="0.653" errors="0" timestamp="2024-12-11T20:34:58 IST" skipped="0">
  <testcase classname="runner.PlaceOrderConfirmation" name="runScenario" time="0.653"/>
  <system-out/>
</testsuite> <!-- runner.PlaceOrderConfirmation -->
