<?xml version="1.0" encoding="UTF-8"?>
<!-- Generated by org.testng.reporters.JUnitReportReporter -->
<testsuite hostname="DESKTOP-5EVK54D" failures="0" tests="1" name="uiappfeature.AmazonFailedTestRunner" time="26.544" errors="0" timestamp="2024-12-20T21:03:48 IST" skipped="0">
  <testcase classname="uiappfeature.AmazonFailedTestRunner" name="runScenario" time="26.544"/>
  <system-out/>
</testsuite> <!-- uiappfeature.AmazonFailedTestRunner -->
