<?xml version="1.0" encoding="UTF-8"?>
<!-- Generated by org.testng.reporters.JUnitReportReporter -->
<testsuite hostname="DESKTOP-5EVK54D" failures="0" tests="3" name="runner.OrdersRunner" time="0.461" errors="0" timestamp="2024-12-06T19:43:02 IST" skipped="0">
  <testcase classname="runner.OrdersRunner" name="runScenario" time="0.269"/>
  <system-out/>
  <testcase classname="runner.OrdersRunner" name="runScenario" time="0.083"/>
  <system-out/>
  <testcase classname="runner.OrdersRunner" name="runScenario" time="0.109"/>
  <system-out/>
</testsuite> <!-- runner.OrdersRunner -->
