<?xml version="1.0" encoding="UTF-8"?>
<!-- Generated by org.testng.reporters.JUnitReportReporter -->
<testsuite hostname="DESKTOP-5EVK54D" failures="0" tests="2" name="runner.CampaignsRunner" time="0.600" errors="0" timestamp="2024-12-11T19:49:38 IST" skipped="0">
  <testcase classname="runner.CampaignsRunner" name="runScenario" time="0.067"/>
  <system-out/>
  <testcase classname="runner.CampaignsRunner" name="runScenario" time="0.533"/>
  <system-out/>
</testsuite> <!-- runner.CampaignsRunner -->
