<?xml version="1.0" encoding="UTF-8"?>
<!-- Generated by org.testng.reporters.JUnitReportReporter -->
<testsuite hostname="DESKTOP-5EVK54D" failures="0" tests="1" name="runner.RegistrationRunner" time="0.354" errors="0" timestamp="2024-12-04T20:01:25 IST" skipped="0">
  <testcase classname="runner.RegistrationRunner" name="runScenario" time="0.354"/>
  <system-out/>
</testsuite> <!-- runner.RegistrationRunner -->
