<?xml version="1.0" encoding="UTF-8"?>
<!-- Generated by org.testng.reporters.JUnitReportReporter -->
<testsuite hostname="DESKTOP-5EVK54D" failures="0" tests="2" name="runner.PlaceOrderConfirmation" time="0.635" errors="0" timestamp="2024-12-16T20:32:54 IST" skipped="0">
  <testcase classname="runner.PlaceOrderConfirmation" name="runScenario" time="0.579"/>
  <system-out/>
  <testcase classname="runner.PlaceOrderConfirmation" name="runScenario" time="0.056"/>
  <system-out/>
</testsuite> <!-- runner.PlaceOrderConfirmation -->
